<?xml version="1.0" encoding="UTF-8"?>
<testsuite xmlns:xsi="http://www.w3.org/2001/XMLSchema-instance" xsi:noNamespaceSchemaLocation="https://maven.apache.org/surefire/maven-surefire-plugin/xsd/surefire-test-report.xsd" version="3.0.2" name="com.example.eurekadernier.EurekaDernierApplicationTests" time="2.351" tests="1" errors="0" skipped="0" failures="0" flakes="0">
  <properties>
[...]
</properties>
  <testcase name="contextLoads" classname="com.example.eurekadernier.EurekaDernierApplicationTests" time="0.379">
    <system-out><![CDATA[19:34:30.355 [main] INFO org.springframework.test.context.support.AnnotationConfigContextLoaderUtils -- Could not detect default configuration classes for test class [com.example.eurekadernier.EurekaDernierApplicationTests]: EurekaDernierApplicationTests does not declare any static, non-private, non-final, nested classes annotated with @Configuration.
19:34:30.407 [main] INFO org.springframework.boot.test.context.SpringBootTestContextBootstrapper -- Found @SpringBootConfiguration com.example.eurekadernier.EurekaDernierApplication for test class com.example.eurekadernier.EurekaDernierApplicationTests

  .   ____          _            __ _ _
 /\\ / ___'_ __ _ _(_)_ __  __ _ \ \ \ \
( ( )\___ | '_ | '_| | '_ \/ _` | \ \ \ \
 \\/  ___)| |_)| | | | | || (_| |  ) ) ) )
  '  |____| .__|_| |_|_| |_\__, | / / / /
 =========|_|==============|___/=/_/_/_/

 :: Spring Boot ::               (v3.5.14)

2026-06-28T19:34:30.742+01:00  INFO 10422 --- [EurekaDernier] [           main] c.e.e.EurekaDernierApplicationTests      : Starting EurekaDernierApplicationTests using Java 25.0.2 with PID 10422 (started by mohamedyassinchannoufi in /Users/mohamedyassinchannoufi/micro/QuickDropProject/Eureka/EurekaDernier)
2026-06-28T19:34:30.743+01:00  INFO 10422 --- [EurekaDernier] [           main] c.e.e.EurekaDernierApplicationTests      : No active profile set, falling back to 1 default profile: "default"
2026-06-28T19:34:31.234+01:00  INFO 10422 --- [EurekaDernier] [           main] o.s.cloud.context.scope.GenericScope     : BeanFactory id=52ef8b27-27f3-35b4-a016-e03df808c613
2026-06-28T19:34:31.446+01:00  INFO 10422 --- [EurekaDernier] [           main] o.s.v.b.OptionalValidatorFactoryBean     : Failed to set up a Bean Validation provider: jakarta.validation.NoProviderFoundException: Unable to create a Configuration, because no Jakarta Bean Validation provider could be found. Add a provider like Hibernate Validator (RI) to your classpath.
2026-06-28T19:34:31.855+01:00  WARN 10422 --- [EurekaDernier] [           main] iguration$LoadBalancerCaffeineWarnLogger : Spring Cloud LoadBalancer is currently working with the default cache. While this cache implementation is useful for development and tests, it's recommended to use Caffeine cache in production.You can switch to using Caffeine cache, by adding it and org.springframework.cache.caffeine.CaffeineCacheManager to the classpath.
2026-06-28T19:34:31.980+01:00  INFO 10422 --- [EurekaDernier] [           main] o.s.c.n.eureka.InstanceInfoFactory       : Setting initial instance status as: STARTING
2026-06-28T19:34:31.988+01:00  INFO 10422 --- [EurekaDernier] [           main] com.netflix.discovery.DiscoveryClient    : Initializing Eureka in region us-east-1
2026-06-28T19:34:31.989+01:00  INFO 10422 --- [EurekaDernier] [           main] com.netflix.discovery.DiscoveryClient    : Client configured to neither register nor query for data.
2026-06-28T19:34:31.990+01:00  INFO 10422 --- [EurekaDernier] [           main] com.netflix.discovery.DiscoveryClient    : Discovery Client initialized at timestamp 1782671671989 with initial instances count: 0
2026-06-28T19:34:32.008+01:00  INFO 10422 --- [EurekaDernier] [           main] c.n.eureka.DefaultEurekaServerContext    : Initializing ...
2026-06-28T19:34:32.009+01:00  INFO 10422 --- [EurekaDernier] [           main] c.n.eureka.cluster.PeerEurekaNodes       : Adding new peer nodes [http://localhost:8761/eureka/]
2026-06-28T19:34:32.067+01:00  INFO 10422 --- [EurekaDernier] [           main] c.n.d.provider.DiscoveryJerseyProvider   : Using JSON encoding codec LegacyJacksonJson
2026-06-28T19:34:32.067+01:00  INFO 10422 --- [EurekaDernier] [           main] c.n.d.provider.DiscoveryJerseyProvider   : Using JSON decoding codec LegacyJacksonJson
2026-06-28T19:34:32.067+01:00  INFO 10422 --- [EurekaDernier] [           main] c.n.d.provider.DiscoveryJerseyProvider   : Using XML encoding codec XStreamXml
2026-06-28T19:34:32.067+01:00  INFO 10422 --- [EurekaDernier] [           main] c.n.d.provider.DiscoveryJerseyProvider   : Using XML decoding codec XStreamXml
2026-06-28T19:34:32.116+01:00  INFO 10422 --- [EurekaDernier] [           main] c.n.eureka.cluster.PeerEurekaNodes       : Replica node URL:  http://localhost:8761/eureka/
2026-06-28T19:34:32.124+01:00  INFO 10422 --- [EurekaDernier] [           main] c.n.e.registry.AbstractInstanceRegistry  : Finished initializing remote region registries. All known remote regions: []
2026-06-28T19:34:32.124+01:00  INFO 10422 --- [EurekaDernier] [           main] c.n.eureka.DefaultEurekaServerContext    : Initialized
2026-06-28T19:34:32.172+01:00  INFO 10422 --- [EurekaDernier] [           main] o.s.b.a.e.web.EndpointLinksResolver      : Exposing 1 endpoint beneath base path '/actuator'
2026-06-28T19:34:32.197+01:00  INFO 10422 --- [EurekaDernier] [           main] o.s.c.n.e.s.EurekaServiceRegistry        : Registering application EUREKADERNIER with eureka with status UP
2026-06-28T19:34:32.202+01:00  INFO 10422 --- [EurekaDernier] [      Thread-10] o.s.c.n.e.server.EurekaServerBootstrap   : isAws returned false
2026-06-28T19:34:32.203+01:00  INFO 10422 --- [EurekaDernier] [      Thread-10] o.s.c.n.e.server.EurekaServerBootstrap   : Initialized server context
2026-06-28T19:34:32.203+01:00  INFO 10422 --- [EurekaDernier] [      Thread-10] c.n.e.r.PeerAwareInstanceRegistryImpl    : Got 1 instances from neighboring DS node
2026-06-28T19:34:32.203+01:00  INFO 10422 --- [EurekaDernier] [      Thread-10] c.n.e.r.PeerAwareInstanceRegistryImpl    : Renew threshold is: 1
2026-06-28T19:34:32.203+01:00  INFO 10422 --- [EurekaDernier] [      Thread-10] c.n.e.r.PeerAwareInstanceRegistryImpl    : Changing status to UP
2026-06-28T19:34:32.204+01:00  INFO 10422 --- [EurekaDernier] [      Thread-10] e.s.EurekaServerInitializerConfiguration : Started Eureka Server
2026-06-28T19:34:32.208+01:00  INFO 10422 --- [EurekaDernier] [           main] c.e.e.EurekaDernierApplicationTests      : Started EurekaDernierApplicationTests in 1.607 seconds (process running for 2.323)
]]></system-out>
    <system-err><![CDATA[Mockito is currently self-attaching to enable the inline-mock-maker. This will no longer work in future releases of the JDK. Please add Mockito as an agent to your build as described in Mockito's documentation: https://javadoc.io/doc/org.mockito/mockito-core/latest/org.mockito/org/mockito/Mockito.html#0.3
WARNING: A Java agent has been loaded dynamically (/Users/mohamedyassinchannoufi/.m2/repository/net/bytebuddy/byte-buddy-agent/1.17.8/byte-buddy-agent-1.17.8.jar)
WARNING: If a serviceability tool is in use, please run with -XX:+EnableDynamicAgentLoading to hide this warning
WARNING: If a serviceability tool is not in use, please run with -Djdk.instrument.traceUsage for more information
WARNING: Dynamic loading of agents will be disallowed by default in a future release
]]></system-err>
  </testcase>
</testsuite>